{"name": "test_key", "status": "broken", "statusDetails": {"message": "selenium.common.exceptions.NoSuchElementException: Message: Элемент с локатором ('id', 'ru.cashtoyou.app:id/on_boarding_fragment_skip') не найден; For documentation on this error, please visit: https://www.selenium.dev/documentation/webdriver/troubleshooting/errors#no-such-element-exception", "trace": "self = <mobile_project.Android_CTY.page.onboarding_page.Onboarding object at 0x106be6a80>\nlocator = ('id', 'ru.cashtoyou.app:id/on_boarding_fragment_skip')\n\n    def get_clickable_element(self, locator):\n        \"\"\"Поиск кликабельного веб елемента по локатору\"\"\"\n        wait = WebDriverWait(self.driver, 15, 2)\n        try:\n>           element = wait.until(ec.element_to_be_clickable(locator))\n                      ^^^^^^^^^^^^^^^^^^^^^^^^^^^^^^^^^^^^^^^^^^^^^^^\n\n../page/base_page.py:43: \n_ _ _ _ _ _ _ _ _ _ _ _ _ _ _ _ _ _ _ _ _ _ _ _ _ _ _ _ _ _ _ _ _ _ _ _ _ _ _ _ \n\nself = <selenium.webdriver.support.wait.WebDriverWait (session=\"882f0eab-9fc3-4d0d-a403-18a71bf6d599\")>\nmethod = <function element_to_be_clickable.<locals>._predicate at 0x106c22340>\nmessage = ''\n\n    def until(self, method: Callable[[D], Union[Literal[False], T]], message: str = \"\") -> T:\n        \"\"\"Wait until the method returns a value that is not False.\n    \n        Calls the method provided with the driver as an argument until the\n        return value does not evaluate to ``False``.\n    \n        Parameters:\n        ----------\n        method: callable(WebDriver)\n            - A callable object that takes a WebDriver instance as an argument.\n    \n        message: str\n            - Optional message for :exc:`TimeoutException`\n    \n        Return:\n        -------\n        object: T\n            - The result of the last call to `method`\n    \n        Raises:\n        -------\n        TimeoutException\n            - If 'method' does not return a truthy value within the WebDriverWait\n            object's timeout\n    \n        Example:\n        --------\n        >>> from selenium.webdriver.common.by import By\n        >>> from selenium.webdriver.support.ui import WebDriverWait\n        >>> from selenium.webdriver.support import expected_conditions as EC\n    \n        # Wait until an element is visible on the page\n        >>> wait = WebDriverWait(driver, 10)\n        >>> element = wait.until(EC.visibility_of_element_located((By.ID, \"exampleId\")))\n        >>> print(element.text)\n        \"\"\"\n        screen = None\n        stacktrace = None\n    \n        end_time = time.monotonic() + self._timeout\n        while True:\n            try:\n                value = method(self._driver)\n                if value:\n                    return value\n            except self._ignored_exceptions as exc:\n                screen = getattr(exc, \"screen\", None)\n                stacktrace = getattr(exc, \"stacktrace\", None)\n            if time.monotonic() > end_time:\n                break\n            time.sleep(self._poll)\n>       raise TimeoutException(message, screen, stacktrace)\nE       selenium.common.exceptions.TimeoutException: Message: \nE       Stacktrace:\nE       NoSuchElementError: An element could not be located on the page using the given search parameters.\nE           at AndroidUiautomator2Driver.findElOrEls (/Users/evgenijpuckov/.appium/node_modules/appium-uiautomator2-driver/node_modules/appium-android-driver/lib/commands/find.ts:86:11)\nE           at processTicksAndRejections (node:internal/process/task_queues:105:5)\nE           at AndroidUiautomator2Driver.findElOrElsWithProcessing (/usr/local/lib/node_modules/appium/node_modules/@appium/base-driver/lib/basedriver/commands/find.ts:60:12)\nE           at AndroidUiautomator2Driver.findElement (/usr/local/lib/node_modules/appium/node_modules/@appium/base-driver/lib/basedriver/commands/find.ts:75:12)\n\n../../../.venv/lib/python3.12/site-packages/selenium/webdriver/support/wait.py:146: TimeoutException\n\nDuring handling of the above exception, another exception occurred:\n\npages = <mobile_project.Android_CTY.conftest.PageFactory object at 0x106c4c830>\nuser = {'birthday': '20/08/1980', 'email': '40df21d140e04e9baaa1493fac918b27@duck.com', 'name': 'Нестор', 'password': 'o+.-7,', ...}\n\n    def test_key(pages,user):\n>       pages.onboarding.go_to_reg_page_step_one()\n\ntest_cty.py:30: \n_ _ _ _ _ _ _ _ _ _ _ _ _ _ _ _ _ _ _ _ _ _ _ _ _ _ _ _ _ _ _ _ _ _ _ _ _ _ _ _ \n../page/onboarding_page.py:9: in go_to_reg_page_step_one\n    self.get_clickable_element(OnboardingPageLocators.on_boarding_fragment_skip).click()\n    ^^^^^^^^^^^^^^^^^^^^^^^^^^^^^^^^^^^^^^^^^^^^^^^^^^^^^^^^^^^^^^^^^^^^^^^^^^^^\n_ _ _ _ _ _ _ _ _ _ _ _ _ _ _ _ _ _ _ _ _ _ _ _ _ _ _ _ _ _ _ _ _ _ _ _ _ _ _ _ \n\nself = <mobile_project.Android_CTY.page.onboarding_page.Onboarding object at 0x106be6a80>\nlocator = ('id', 'ru.cashtoyou.app:id/on_boarding_fragment_skip')\n\n    def get_clickable_element(self, locator):\n        \"\"\"Поиск кликабельного веб елемента по локатору\"\"\"\n        wait = WebDriverWait(self.driver, 15, 2)\n        try:\n            element = wait.until(ec.element_to_be_clickable(locator))\n        except TimeoutException:\n>           raise NoSuchElementException(f'Элемент с локатором {locator} не найден')\nE           selenium.common.exceptions.NoSuchElementException: Message: Элемент с локатором ('id', 'ru.cashtoyou.app:id/on_boarding_fragment_skip') не найден; For documentation on this error, please visit: https://www.selenium.dev/documentation/webdriver/troubleshooting/errors#no-such-element-exception\n\n../page/base_page.py:45: NoSuchElementException"}, "start": 1761677750746, "stop": 1761677766077, "uuid": "3baefc02-7d47-4232-b11e-e36e574cad01", "historyId": "3e74c500b42eeb501eb8c468f145590b", "testCaseId": "3e74c500b42eeb501eb8c468f145590b", "fullName": "Android_CTY.tests.test_cty#test_key", "labels": [{"name": "parentSuite", "value": "Android_CTY.tests"}, {"name": "suite", "value": "test_cty"}, {"name": "host", "value": "MacBook-Pro-Evgenij.local"}, {"name": "thread", "value": "14018-MainThread"}, {"name": "framework", "value": "pytest"}, {"name": "language", "value": "cpython3"}, {"name": "package", "value": "Android_CTY.tests.test_cty"}]}