{"name": "Позитивная проверка первого шага регистрации", "status": "broken", "statusDetails": {"message": "selenium.common.exceptions.WebDriverException: Message: An unknown server-side error occurred while processing the command. Original error: The software keyboard cannot be hidden\nStacktrace:\nUnknownError: An unknown server-side error occurred while processing the command. Original error: The software keyboard cannot be hidden\n    at getResponseForW3CError (/usr/local/lib/node_modules/appium/node_modules/@appium/base-driver/lib/protocol/errors.js:1143:9)\n    at asyncHandler (/usr/local/lib/node_modules/appium/node_modules/@appium/base-driver/lib/protocol/protocol.js:487:57)", "trace": "pages = <mobile_project.Android_CTY.conftest.PageFactory object at 0x1068ab080>\nuser = {'birthday': '16/08/1989', 'email': '0ef8ffc73e9d4b6aafa398c6bc8735a3@duck.com', 'name': 'Лукьян', 'password': 'q{Mkr7', ...}\n\n    @allure.title('Позитивная проверка первого шага регистрации')\n    def test_registration_step_one(pages, user):\n        pages.onboarding.go_to_reg_page_step_one()\n>       pages.reg.fill_registration_step_one(user)\n\ntest_cty.py:10: \n_ _ _ _ _ _ _ _ _ _ _ _ _ _ _ _ _ _ _ _ _ _ _ _ _ _ _ _ _ _ _ _ _ _ _ _ _ _ _ _ \n../page/reg_page.py:26: in fill_registration_step_one\n    self.send_a_value_to_the_field(RegPageLocatorsStepOne.surname_input, user[\"surname\"])\n../page/base_page.py:22: in send_a_value_to_the_field\n    self.skip_dropdown_dadata()\n../page/base_page.py:74: in skip_dropdown_dadata\n    self.driver.hide_keyboard()\n../../../.venv/lib/python3.12/site-packages/appium/webdriver/extensions/keyboard.py:44: in hide_keyboard\n    self.assert_extension_exists(ext_name).execute_script(\n../../../.venv/lib/python3.12/site-packages/selenium/webdriver/remote/webdriver.py:528: in execute_script\n    return self.execute(command, {\"script\": script, \"args\": converted_args})[\"value\"]\n           ^^^^^^^^^^^^^^^^^^^^^^^^^^^^^^^^^^^^^^^^^^^^^^^^^^^^^^^^^^^^^^^^^\n../../../.venv/lib/python3.12/site-packages/selenium/webdriver/remote/webdriver.py:429: in execute\n    self.error_handler.check_response(response)\n_ _ _ _ _ _ _ _ _ _ _ _ _ _ _ _ _ _ _ _ _ _ _ _ _ _ _ _ _ _ _ _ _ _ _ _ _ _ _ _ \n\nself = <appium.webdriver.errorhandler.MobileErrorHandler object at 0x10670f560>\nresponse = {'status': 500, 'value': '{\"value\":{\"error\":\"unknown error\",\"message\":\"An unknown server-side error occurred while pro...asyncHandler (/usr/local/lib/node_modules/appium/node_modules/@appium/base-driver/lib/protocol/protocol.js:487:57)\"}}'}\n\n    def check_response(self, response: Dict[str, Any]) -> None:\n        \"\"\"\n        https://www.w3.org/TR/webdriver/#errors\n        \"\"\"\n        payload = response.get('value', '')\n        if isinstance(payload, dict):\n            payload_dict = payload\n        else:\n            try:\n                payload_dict = json.loads(payload)\n            except (json.JSONDecodeError, TypeError):\n                return\n            if not isinstance(payload_dict, dict):\n                return\n        value = payload_dict.get('value')\n        if not isinstance(value, dict):\n            return\n        error = value.get('error')\n        if not error:\n            return\n    \n        message = value.get('message', error)\n        stacktrace = value.get('stacktrace', '')\n        # In theory, we should also be checking HTTP status codes.\n        # Java client, for example, prints a warning if the actual `error`\n        # value does not match to the response's HTTP status code.\n        exception_class: Type[sel_exceptions.WebDriverException] = ERROR_TO_EXC_MAPPING.get(\n            error, sel_exceptions.WebDriverException\n        )\n        if exception_class is sel_exceptions.WebDriverException and message:\n            if message == 'No such context found.':\n                exception_class = appium_exceptions.NoSuchContextException\n            elif message == 'That command could not be executed in the current context.':\n                exception_class = appium_exceptions.InvalidSwitchToTargetException\n    \n        if exception_class is sel_exceptions.UnexpectedAlertPresentException:\n            raise sel_exceptions.UnexpectedAlertPresentException(\n                msg=message,\n                stacktrace=format_stacktrace(stacktrace),\n                alert_text=value.get('data'),\n            )\n>       raise exception_class(msg=message, stacktrace=format_stacktrace(stacktrace))\nE       selenium.common.exceptions.WebDriverException: Message: An unknown server-side error occurred while processing the command. Original error: The software keyboard cannot be hidden\nE       Stacktrace:\nE       UnknownError: An unknown server-side error occurred while processing the command. Original error: The software keyboard cannot be hidden\nE           at getResponseForW3CError (/usr/local/lib/node_modules/appium/node_modules/@appium/base-driver/lib/protocol/errors.js:1143:9)\nE           at asyncHandler (/usr/local/lib/node_modules/appium/node_modules/@appium/base-driver/lib/protocol/protocol.js:487:57)\n\n../../../.venv/lib/python3.12/site-packages/appium/webdriver/errorhandler.py:125: WebDriverException"}, "steps": [{"name": "Заполнение поля \"Фамилия\"", "status": "broken", "statusDetails": {"message": "selenium.common.exceptions.WebDriverException: Message: An unknown server-side error occurred while processing the command. Original error: The software keyboard cannot be hidden\nStacktrace:\nUnknownError: An unknown server-side error occurred while processing the command. Original error: The software keyboard cannot be hidden\n    at getResponseForW3CError (/usr/local/lib/node_modules/appium/node_modules/@appium/base-driver/lib/protocol/errors.js:1143:9)\n    at asyncHandler (/usr/local/lib/node_modules/appium/node_modules/@appium/base-driver/lib/protocol/protocol.js:487:57)\n", "trace": "  File \"/Users/evgenijpuckov/PycharmProjects/QA_Auto_Appium/mobile_project/Android_CTY/page/reg_page.py\", line 26, in fill_registration_step_one\n    self.send_a_value_to_the_field(RegPageLocatorsStepOne.surname_input, user[\"surname\"])\n  File \"/Users/evgenijpuckov/PycharmProjects/QA_Auto_Appium/mobile_project/Android_CTY/page/base_page.py\", line 22, in send_a_value_to_the_field\n    self.skip_dropdown_dadata()\n  File \"/Users/evgenijpuckov/PycharmProjects/QA_Auto_Appium/mobile_project/Android_CTY/page/base_page.py\", line 74, in skip_dropdown_dadata\n    self.driver.hide_keyboard()\n  File \"/Users/evgenijpuckov/PycharmProjects/QA_Auto_Appium/.venv/lib/python3.12/site-packages/appium/webdriver/extensions/keyboard.py\", line 44, in hide_keyboard\n    self.assert_extension_exists(ext_name).execute_script(\n  File \"/Users/evgenijpuckov/PycharmProjects/QA_Auto_Appium/.venv/lib/python3.12/site-packages/selenium/webdriver/remote/webdriver.py\", line 528, in execute_script\n    return self.execute(command, {\"script\": script, \"args\": converted_args})[\"value\"]\n           ^^^^^^^^^^^^^^^^^^^^^^^^^^^^^^^^^^^^^^^^^^^^^^^^^^^^^^^^^^^^^^^^^\n  File \"/Users/evgenijpuckov/PycharmProjects/QA_Auto_Appium/.venv/lib/python3.12/site-packages/selenium/webdriver/remote/webdriver.py\", line 429, in execute\n    self.error_handler.check_response(response)\n  File \"/Users/evgenijpuckov/PycharmProjects/QA_Auto_Appium/.venv/lib/python3.12/site-packages/appium/webdriver/errorhandler.py\", line 125, in check_response\n    raise exception_class(msg=message, stacktrace=format_stacktrace(stacktrace))\n"}, "start": 1761591807915, "stop": 1761591822687}], "start": 1761591793347, "stop": 1761591822694, "uuid": "700b527d-cd49-409f-bda5-52a8c2778eda", "historyId": "26827aa318c86a92421c88a083575e84", "testCaseId": "26827aa318c86a92421c88a083575e84", "fullName": "Android_CTY.tests.test_cty#test_registration_step_one", "labels": [{"name": "parentSuite", "value": "Android_CTY.tests"}, {"name": "suite", "value": "test_cty"}, {"name": "host", "value": "MacBook-Pro-Evgenij.local"}, {"name": "thread", "value": "7479-MainThread"}, {"name": "framework", "value": "pytest"}, {"name": "language", "value": "cpython3"}, {"name": "package", "value": "Android_CTY.tests.test_cty"}]}