{"name": "test_key", "status": "broken", "statusDetails": {"message": "selenium.common.exceptions.NoSuchElementException: Message: Элемент с локатором ('xpath', '(//android.widget.AutoCompleteTextView[@resource-id=\"ru.cashtoyou.app:id/input_value\"])[1]') не найден; For documentation on this error, please visit: https://www.selenium.dev/documentation/webdriver/troubleshooting/errors#no-such-element-exception", "trace": "self = <mobile_project.Android_CTY.page.base_page.BasePage object at 0x108dd1190>\nlocator = ('xpath', '(//android.widget.AutoCompleteTextView[@resource-id=\"ru.cashtoyou.app:id/input_value\"])[1]')\n\n    def get_clickable_element(self, locator):\n        \"\"\"Поиск кликабельного веб елемента по локатору\"\"\"\n        wait = WebDriverWait(self.driver, 15, 2)\n        try:\n>           element = wait.until(ec.element_to_be_clickable(locator))\n                      ^^^^^^^^^^^^^^^^^^^^^^^^^^^^^^^^^^^^^^^^^^^^^^^\n\n../page/base_page.py:32: \n_ _ _ _ _ _ _ _ _ _ _ _ _ _ _ _ _ _ _ _ _ _ _ _ _ _ _ _ _ _ _ _ _ _ _ _ _ _ _ _ \n\nself = <selenium.webdriver.support.wait.WebDriverWait (session=\"71725c81-2897-42ee-b164-c0305b2ea984\")>\nmethod = <function element_to_be_clickable.<locals>._predicate at 0x109cb62a0>\nmessage = ''\n\n    def until(self, method: Callable[[D], Union[Literal[False], T]], message: str = \"\") -> T:\n        \"\"\"Wait until the method returns a value that is not False.\n    \n        Calls the method provided with the driver as an argument until the\n        return value does not evaluate to ``False``.\n    \n        Parameters:\n        ----------\n        method: callable(WebDriver)\n            - A callable object that takes a WebDriver instance as an argument.\n    \n        message: str\n            - Optional message for :exc:`TimeoutException`\n    \n        Return:\n        -------\n        object: T\n            - The result of the last call to `method`\n    \n        Raises:\n        -------\n        TimeoutException\n            - If 'method' does not return a truthy value within the WebDriverWait\n            object's timeout\n    \n        Example:\n        --------\n        >>> from selenium.webdriver.common.by import By\n        >>> from selenium.webdriver.support.ui import WebDriverWait\n        >>> from selenium.webdriver.support import expected_conditions as EC\n    \n        # Wait until an element is visible on the page\n        >>> wait = WebDriverWait(driver, 10)\n        >>> element = wait.until(EC.visibility_of_element_located((By.ID, \"exampleId\")))\n        >>> print(element.text)\n        \"\"\"\n        screen = None\n        stacktrace = None\n    \n        end_time = time.monotonic() + self._timeout\n        while True:\n            try:\n                value = method(self._driver)\n                if value:\n                    return value\n            except self._ignored_exceptions as exc:\n                screen = getattr(exc, \"screen\", None)\n                stacktrace = getattr(exc, \"stacktrace\", None)\n            if time.monotonic() > end_time:\n                break\n            time.sleep(self._poll)\n>       raise TimeoutException(message, screen, stacktrace)\nE       selenium.common.exceptions.TimeoutException: Message: \nE       Stacktrace:\nE       NoSuchElementError: An element could not be located on the page using the given search parameters.\nE           at AndroidUiautomator2Driver.findElOrEls (/Users/evgenijpuckov/.appium/node_modules/appium-uiautomator2-driver/node_modules/appium-android-driver/lib/commands/find.ts:86:11)\nE           at processTicksAndRejections (node:internal/process/task_queues:105:5)\nE           at AndroidUiautomator2Driver.findElOrElsWithProcessing (/usr/local/lib/node_modules/appium/node_modules/@appium/base-driver/lib/basedriver/commands/find.ts:60:12)\nE           at AndroidUiautomator2Driver.findElement (/usr/local/lib/node_modules/appium/node_modules/@appium/base-driver/lib/basedriver/commands/find.ts:75:12)\n\n../../../.venv/lib/python3.12/site-packages/selenium/webdriver/support/wait.py:146: TimeoutException\n\nDuring handling of the above exception, another exception occurred:\n\npages = <mobile_project.Android_CTY.conftest.PageFactory object at 0x109c290a0>\nuser = {'birthday': '11/05/1999', 'email': 'd2357327d13c4053bf1a4052ad55f9fb@example.org', 'name': 'Алексей', 'password': 'wo4Kbl', ...}\n\n    def test_key(pages,user):\n>       pages.base.send_a_value_to_the_field(RegPageLocatorsStepOne.surname_input, user[\"surname\"])\n\ntest_cty.py:28: \n_ _ _ _ _ _ _ _ _ _ _ _ _ _ _ _ _ _ _ _ _ _ _ _ _ _ _ _ _ _ _ _ _ _ _ _ _ _ _ _ \n../page/base_page.py:21: in send_a_value_to_the_field\n    field_input = self.get_clickable_element(element)\n                  ^^^^^^^^^^^^^^^^^^^^^^^^^^^^^^^^^^^\n_ _ _ _ _ _ _ _ _ _ _ _ _ _ _ _ _ _ _ _ _ _ _ _ _ _ _ _ _ _ _ _ _ _ _ _ _ _ _ _ \n\nself = <mobile_project.Android_CTY.page.base_page.BasePage object at 0x108dd1190>\nlocator = ('xpath', '(//android.widget.AutoCompleteTextView[@resource-id=\"ru.cashtoyou.app:id/input_value\"])[1]')\n\n    def get_clickable_element(self, locator):\n        \"\"\"Поиск кликабельного веб елемента по локатору\"\"\"\n        wait = WebDriverWait(self.driver, 15, 2)\n        try:\n            element = wait.until(ec.element_to_be_clickable(locator))\n        except TimeoutException:\n>           raise NoSuchElementException(f'Элемент с локатором {locator} не найден')\nE           selenium.common.exceptions.NoSuchElementException: Message: Элемент с локатором ('xpath', '(//android.widget.AutoCompleteTextView[@resource-id=\"ru.cashtoyou.app:id/input_value\"])[1]') не найден; For documentation on this error, please visit: https://www.selenium.dev/documentation/webdriver/troubleshooting/errors#no-such-element-exception\n\n../page/base_page.py:34: NoSuchElementException"}, "start": 1761593574280, "stop": 1761593589702, "uuid": "5854d08c-86f5-4478-b7fe-2303237d2816", "historyId": "3e74c500b42eeb501eb8c468f145590b", "testCaseId": "3e74c500b42eeb501eb8c468f145590b", "fullName": "Android_CTY.tests.test_cty#test_key", "labels": [{"name": "parentSuite", "value": "Android_CTY.tests"}, {"name": "suite", "value": "test_cty"}, {"name": "host", "value": "MacBook-Pro-Evgenij.local"}, {"name": "thread", "value": "8486-MainThread"}, {"name": "framework", "value": "pytest"}, {"name": "language", "value": "cpython3"}, {"name": "package", "value": "Android_CTY.tests.test_cty"}]}