{"name": "Позитивная проверка первого шага регистрации часть 2", "status": "broken", "statusDetails": {"message": "selenium.common.exceptions.NoSuchElementException: Message: Элемент с локатором ('xpath', '//android.widget.TextView[@text=\"Документы и контакты\"]') не найден; For documentation on this error, please visit: https://www.selenium.dev/documentation/webdriver/troubleshooting/errors#no-such-element-exception", "trace": "self = <mobile_project.Android_CTY.page.reg_page.RegPageStepOne object at 0x1034fd940>\nlocator = ('xpath', '//android.widget.TextView[@text=\"Документы и контакты\"]')\n\n    def get_clickable_element(self, locator):\n        \"\"\"Поиск кликабельного веб елемента по локатору\"\"\"\n        wait = WebDriverWait(self.driver, 15, 2)\n        try:\n>           element = wait.until(ec.element_to_be_clickable(locator))\n                      ^^^^^^^^^^^^^^^^^^^^^^^^^^^^^^^^^^^^^^^^^^^^^^^\n\n../page/base_page.py:31: \n_ _ _ _ _ _ _ _ _ _ _ _ _ _ _ _ _ _ _ _ _ _ _ _ _ _ _ _ _ _ _ _ _ _ _ _ _ _ _ _ \n\nself = <selenium.webdriver.support.wait.WebDriverWait (session=\"e457cee2-eb22-499d-9c98-128bb41b8125\")>\nmethod = <function element_to_be_clickable.<locals>._predicate at 0x1037ab100>\nmessage = ''\n\n    def until(self, method: Callable[[D], Union[Literal[False], T]], message: str = \"\") -> T:\n        \"\"\"Wait until the method returns a value that is not False.\n    \n        Calls the method provided with the driver as an argument until the\n        return value does not evaluate to ``False``.\n    \n        Parameters:\n        ----------\n        method: callable(WebDriver)\n            - A callable object that takes a WebDriver instance as an argument.\n    \n        message: str\n            - Optional message for :exc:`TimeoutException`\n    \n        Return:\n        -------\n        object: T\n            - The result of the last call to `method`\n    \n        Raises:\n        -------\n        TimeoutException\n            - If 'method' does not return a truthy value within the WebDriverWait\n            object's timeout\n    \n        Example:\n        --------\n        >>> from selenium.webdriver.common.by import By\n        >>> from selenium.webdriver.support.ui import WebDriverWait\n        >>> from selenium.webdriver.support import expected_conditions as EC\n    \n        # Wait until an element is visible on the page\n        >>> wait = WebDriverWait(driver, 10)\n        >>> element = wait.until(EC.visibility_of_element_located((By.ID, \"exampleId\")))\n        >>> print(element.text)\n        \"\"\"\n        screen = None\n        stacktrace = None\n    \n        end_time = time.monotonic() + self._timeout\n        while True:\n            try:\n                value = method(self._driver)\n                if value:\n                    return value\n            except self._ignored_exceptions as exc:\n                screen = getattr(exc, \"screen\", None)\n                stacktrace = getattr(exc, \"stacktrace\", None)\n            if time.monotonic() > end_time:\n                break\n            time.sleep(self._poll)\n>       raise TimeoutException(message, screen, stacktrace)\nE       selenium.common.exceptions.TimeoutException: Message: \nE       Stacktrace:\nE       NoSuchElementError: An element could not be located on the page using the given search parameters.\nE           at AndroidUiautomator2Driver.findElOrEls (/Users/evgenijpuckov/.appium/node_modules/appium-uiautomator2-driver/node_modules/appium-android-driver/lib/commands/find.ts:86:11)\nE           at processTicksAndRejections (node:internal/process/task_queues:105:5)\nE           at AndroidUiautomator2Driver.findElOrElsWithProcessing (/usr/local/lib/node_modules/appium/node_modules/@appium/base-driver/lib/basedriver/commands/find.ts:60:12)\nE           at AndroidUiautomator2Driver.findElement (/usr/local/lib/node_modules/appium/node_modules/@appium/base-driver/lib/basedriver/commands/find.ts:75:12)\n\n../../../.venv/lib/python3.12/site-packages/selenium/webdriver/support/wait.py:146: TimeoutException\n\nDuring handling of the above exception, another exception occurred:\n\npages = <mobile_project.Android_CTY.conftest.PageFactory object at 0x103646e40>\nuser = {'birthday': '30/01/1983', 'email': '606b45f0279b48d59db0f598569c86ac@yandex.com', 'name': 'Самуил', 'password': 'N~ti5g', ...}\n\n    @allure.title('Позитивная проверка первого шага регистрации часть 2')\n    def test_registration_step_one(pages, user):\n        pages.onboarding.go_to_reg_page_step_one()\n        pages.reg.fill_registration_step_one(user)\n        with allure.step('Переход на экран регистрации, шаг №2'):\n>           pages.reg.go_to_reg_page_step_two()\n\ntest_cty.py:9: \n_ _ _ _ _ _ _ _ _ _ _ _ _ _ _ _ _ _ _ _ _ _ _ _ _ _ _ _ _ _ _ _ _ _ _ _ _ _ _ _ \n../page/reg_page.py:27: in go_to_reg_page_step_two\n    title_window = self.get_clickable_element(RegPageLocatorsStepOne.title_window_step_two).text\n                   ^^^^^^^^^^^^^^^^^^^^^^^^^^^^^^^^^^^^^^^^^^^^^^^^^^^^^^^^^^^^^^^^^^^^^^^^\n_ _ _ _ _ _ _ _ _ _ _ _ _ _ _ _ _ _ _ _ _ _ _ _ _ _ _ _ _ _ _ _ _ _ _ _ _ _ _ _ \n\nself = <mobile_project.Android_CTY.page.reg_page.RegPageStepOne object at 0x1034fd940>\nlocator = ('xpath', '//android.widget.TextView[@text=\"Документы и контакты\"]')\n\n    def get_clickable_element(self, locator):\n        \"\"\"Поиск кликабельного веб елемента по локатору\"\"\"\n        wait = WebDriverWait(self.driver, 15, 2)\n        try:\n            element = wait.until(ec.element_to_be_clickable(locator))\n        except TimeoutException:\n>           raise NoSuchElementException(f'Элемент с локатором {locator} не найден')\nE           selenium.common.exceptions.NoSuchElementException: Message: Элемент с локатором ('xpath', '//android.widget.TextView[@text=\"Документы и контакты\"]') не найден; For documentation on this error, please visit: https://www.selenium.dev/documentation/webdriver/troubleshooting/errors#no-such-element-exception\n\n../page/base_page.py:33: NoSuchElementException"}, "steps": [{"name": "Проверка заголовка текущего экрана", "status": "passed", "start": 1759921821717, "stop": 1759921829647}, {"name": "Заполнение поля \"Фамилия\"", "status": "passed", "steps": [{"name": "Проверка установленного значения в поле", "status": "passed", "start": 1759921831188, "stop": 1759921831656}], "start": 1759921829647, "stop": 1759921831656}, {"name": "Заполнение поля \"Имя\"", "status": "passed", "steps": [{"name": "Проверка установленного значения в поле", "status": "passed", "start": 1759921832472, "stop": 1759921832911}], "start": 1759921831656, "stop": 1759921832911}, {"name": "Заполнение поля \"Отчество\"", "status": "passed", "steps": [{"name": "Проверка установленного значения в поле", "status": "passed", "start": 1759921833739, "stop": 1759921834204}], "start": 1759921832911, "stop": 1759921834204}, {"name": "Заполнение поля \"Дата рождения\"", "status": "passed", "steps": [{"name": "Проверка установленного значения в поле", "status": "passed", "start": 1759921835123, "stop": 1759921835580}], "start": 1759921834205, "stop": 1759921835580}, {"name": "Выбор радиобаттона \"Пол\"", "status": "passed", "steps": [{"name": "Проверка состояния радиобаттона", "status": "passed", "start": 1759921835702, "stop": 1759921835721}], "start": 1759921835580, "stop": 1759921835721}, {"name": "Заполнение поля \"Телефон\"", "status": "passed", "steps": [{"name": "Проверка установленного значения в поле", "status": "passed", "start": 1759921836557, "stop": 1759921836990}], "start": 1759921835721, "stop": 1759921836990}, {"name": "Заполнение поля \"E-mail\"", "status": "passed", "steps": [{"name": "Проверка установленного значения в поле", "status": "passed", "start": 1759921837789, "stop": 1759921838337}], "start": 1759921836990, "stop": 1759921838337}, {"name": "Заполнение поля \"Пароль\"", "status": "passed", "steps": [{"name": "Проверка установленного значения в поле", "status": "passed", "start": 1759921839072, "stop": 1759921839506}], "start": 1759921838337, "stop": 1759921839506}, {"name": "Заполнение поля \"Подтвердите пароль\"", "status": "passed", "steps": [{"name": "Проверка установленного значения в поле", "status": "passed", "start": 1759921841724, "stop": 1759921842161}], "start": 1759921840304, "stop": 1759921842161}, {"name": "Активация чек-бокса \"Подписаться на рассылку\"", "status": "passed", "steps": [{"name": "Проверка состояния чек-бокса", "status": "passed", "start": 1759921842367, "stop": 1759921842383}], "start": 1759921842161, "stop": 1759921842383}, {"name": "Активация чек-бокса \"Согласие на обработку ПДН\"", "status": "passed", "steps": [{"name": "Проверка состояния чек-бокса", "status": "passed", "start": 1759921842608, "stop": 1759921842632}], "start": 1759921842383, "stop": 1759921842632}, {"name": "Переход на экран регистрации, шаг №2", "status": "broken", "statusDetails": {"message": "selenium.common.exceptions.NoSuchElementException: Message: Элемент с локатором ('xpath', '//android.widget.TextView[@text=\"Документы и контакты\"]') не найден; For documentation on this error, please visit: https://www.selenium.dev/documentation/webdriver/troubleshooting/errors#no-such-element-exception\n\n", "trace": "  File \"/Users/evgenijpuckov/PycharmProjects/QA_Auto_Appium/mobile_project/Android_CTY/tests/test_cty.py\", line 9, in test_registration_step_one\n    pages.reg.go_to_reg_page_step_two()\n  File \"/Users/evgenijpuckov/PycharmProjects/QA_Auto_Appium/mobile_project/Android_CTY/page/reg_page.py\", line 27, in go_to_reg_page_step_two\n    title_window = self.get_clickable_element(RegPageLocatorsStepOne.title_window_step_two).text\n                   ^^^^^^^^^^^^^^^^^^^^^^^^^^^^^^^^^^^^^^^^^^^^^^^^^^^^^^^^^^^^^^^^^^^^^^^^\n  File \"/Users/evgenijpuckov/PycharmProjects/QA_Auto_Appium/mobile_project/Android_CTY/page/base_page.py\", line 33, in get_clickable_element\n    raise NoSuchElementException(f'Элемент с локатором {locator} не найден')\n"}, "steps": [{"name": "Проверка заголовка текущего экрана", "status": "broken", "statusDetails": {"message": "selenium.common.exceptions.NoSuchElementException: Message: Элемент с локатором ('xpath', '//android.widget.TextView[@text=\"Документы и контакты\"]') не найден; For documentation on this error, please visit: https://www.selenium.dev/documentation/webdriver/troubleshooting/errors#no-such-element-exception\n\n", "trace": "  File \"/Users/evgenijpuckov/PycharmProjects/QA_Auto_Appium/mobile_project/Android_CTY/page/reg_page.py\", line 27, in go_to_reg_page_step_two\n    title_window = self.get_clickable_element(RegPageLocatorsStepOne.title_window_step_two).text\n                   ^^^^^^^^^^^^^^^^^^^^^^^^^^^^^^^^^^^^^^^^^^^^^^^^^^^^^^^^^^^^^^^^^^^^^^^^\n  File \"/Users/evgenijpuckov/PycharmProjects/QA_Auto_Appium/mobile_project/Android_CTY/page/base_page.py\", line 33, in get_clickable_element\n    raise NoSuchElementException(f'Элемент с локатором {locator} не найден')\n"}, "start": 1759921842849, "stop": 1759921858271}], "start": 1759921842632, "stop": 1759921858276}], "start": 1759921803702, "stop": 1759921858278, "uuid": "8d9aaf3c-3e38-4742-a989-c180b2bb2501", "historyId": "26827aa318c86a92421c88a083575e84", "testCaseId": "26827aa318c86a92421c88a083575e84", "fullName": "Android_CTY.tests.test_cty#test_registration_step_one", "labels": [{"name": "parentSuite", "value": "Android_CTY.tests"}, {"name": "suite", "value": "test_cty"}, {"name": "host", "value": "MacBook-Pro-Evgenij.local"}, {"name": "thread", "value": "20522-MainThread"}, {"name": "framework", "value": "pytest"}, {"name": "language", "value": "cpython3"}, {"name": "package", "value": "Android_CTY.tests.test_cty"}]}