{"name": "Позитивная проверка первого шага регистрации", "status": "broken", "statusDetails": {"message": "selenium.common.exceptions.NoSuchElementException: Message: Элемент с локатором ('xpath', '//android.widget.TextView[@text=\"Документы и контакты\"]') не найден; For documentation on this error, please visit: https://www.selenium.dev/documentation/webdriver/troubleshooting/errors#no-such-element-exception", "trace": "self = <mobile_project.Android_CTY.src.helper.Helper object at 0x106eb2c30>\nlocator = ('xpath', '//android.widget.TextView[@text=\"Документы и контакты\"]')\n\n    def get_visible_element(self, locator):\n        \"\"\"Поиск видимого веб елемента по локатору\"\"\"\n        wait = WebDriverWait(self.driver, 15, 2)\n        try:\n>           element = wait.until(ec.visibility_of_element_located(locator))\n                      ^^^^^^^^^^^^^^^^^^^^^^^^^^^^^^^^^^^^^^^^^^^^^^^^^^^^^\n\n../page/base_page.py:38: \n_ _ _ _ _ _ _ _ _ _ _ _ _ _ _ _ _ _ _ _ _ _ _ _ _ _ _ _ _ _ _ _ _ _ _ _ _ _ _ _ \n\nself = <selenium.webdriver.support.wait.WebDriverWait (session=\"88e0bd15-8e5c-41f4-b25c-8ee56b32459f\")>\nmethod = <function visibility_of_element_located.<locals>._predicate at 0x106f23d80>\nmessage = ''\n\n    def until(self, method: Callable[[D], Union[Literal[False], T]], message: str = \"\") -> T:\n        \"\"\"Wait until the method returns a value that is not False.\n    \n        Calls the method provided with the driver as an argument until the\n        return value does not evaluate to ``False``.\n    \n        Parameters:\n        ----------\n        method: callable(WebDriver)\n            - A callable object that takes a WebDriver instance as an argument.\n    \n        message: str\n            - Optional message for :exc:`TimeoutException`\n    \n        Return:\n        -------\n        object: T\n            - The result of the last call to `method`\n    \n        Raises:\n        -------\n        TimeoutException\n            - If 'method' does not return a truthy value within the WebDriverWait\n            object's timeout\n    \n        Example:\n        --------\n        >>> from selenium.webdriver.common.by import By\n        >>> from selenium.webdriver.support.ui import WebDriverWait\n        >>> from selenium.webdriver.support import expected_conditions as EC\n    \n        # Wait until an element is visible on the page\n        >>> wait = WebDriverWait(driver, 10)\n        >>> element = wait.until(EC.visibility_of_element_located((By.ID, \"exampleId\")))\n        >>> print(element.text)\n        \"\"\"\n        screen = None\n        stacktrace = None\n    \n        end_time = time.monotonic() + self._timeout\n        while True:\n            try:\n                value = method(self._driver)\n                if value:\n                    return value\n            except self._ignored_exceptions as exc:\n                screen = getattr(exc, \"screen\", None)\n                stacktrace = getattr(exc, \"stacktrace\", None)\n            if time.monotonic() > end_time:\n                break\n            time.sleep(self._poll)\n>       raise TimeoutException(message, screen, stacktrace)\nE       selenium.common.exceptions.TimeoutException: Message: \nE       Stacktrace:\nE       NoSuchElementError: An element could not be located on the page using the given search parameters.\nE           at AndroidUiautomator2Driver.findElOrEls (/Users/evgenijpuckov/.appium/node_modules/appium-uiautomator2-driver/node_modules/appium-android-driver/lib/commands/find.ts:86:11)\nE           at processTicksAndRejections (node:internal/process/task_queues:105:5)\nE           at AndroidUiautomator2Driver.findElOrElsWithProcessing (/usr/local/lib/node_modules/appium/node_modules/@appium/base-driver/lib/basedriver/commands/find.ts:60:12)\nE           at AndroidUiautomator2Driver.findElement (/usr/local/lib/node_modules/appium/node_modules/@appium/base-driver/lib/basedriver/commands/find.ts:75:12)\n\n../../../.venv/lib/python3.12/site-packages/selenium/webdriver/support/wait.py:146: TimeoutException\n\nDuring handling of the above exception, another exception occurred:\n\npages = <mobile_project.Android_CTY.conftest.PageFactory object at 0x106d530b0>\nuser = {'birthday': '20/12/1998', 'email': '2ef3401e6c36437199e3bcca3bf537e4@duck.com', 'name': 'Прохор', 'password': ';te+~0', ...}\n\n    @allure.title('Позитивная проверка первого шага регистрации')\n    def test_registration_step_one(pages, user):\n        pages.onboarding.go_to_reg_page_step_one()\n        pages.reg.fill_registration_step_one(user)\n        pages.reg.go_to_reg_page_step_two()\n>       pages.helpers.assert_element_text(RegPageLocatorsStepTwo.title_window_step_two, 'Документы и контакты')\n\ntest_cty.py:13: \n_ _ _ _ _ _ _ _ _ _ _ _ _ _ _ _ _ _ _ _ _ _ _ _ _ _ _ _ _ _ _ _ _ _ _ _ _ _ _ _ \n../src/helper.py:109: in assert_element_text\n    actual_result = self.get_element_text(element)\n                    ^^^^^^^^^^^^^^^^^^^^^^^^^^^^^^\n../src/helper.py:97: in get_element_text\n    title = self.get_visible_element(element)\n            ^^^^^^^^^^^^^^^^^^^^^^^^^^^^^^^^^\n_ _ _ _ _ _ _ _ _ _ _ _ _ _ _ _ _ _ _ _ _ _ _ _ _ _ _ _ _ _ _ _ _ _ _ _ _ _ _ _ \n\nself = <mobile_project.Android_CTY.src.helper.Helper object at 0x106eb2c30>\nlocator = ('xpath', '//android.widget.TextView[@text=\"Документы и контакты\"]')\n\n    def get_visible_element(self, locator):\n        \"\"\"Поиск видимого веб елемента по локатору\"\"\"\n        wait = WebDriverWait(self.driver, 15, 2)\n        try:\n            element = wait.until(ec.visibility_of_element_located(locator))\n        except TimeoutException:\n>           raise NoSuchElementException(f'Элемент с локатором {locator} не найден')\nE           selenium.common.exceptions.NoSuchElementException: Message: Элемент с локатором ('xpath', '//android.widget.TextView[@text=\"Документы и контакты\"]') не найден; For documentation on this error, please visit: https://www.selenium.dev/documentation/webdriver/troubleshooting/errors#no-such-element-exception\n\n../page/base_page.py:40: NoSuchElementException"}, "steps": [{"name": "Заполнение поля \"Фамилия\"", "status": "passed", "start": 1761927804010, "stop": 1761927812754}, {"name": "Заполнение поля \"Имя\"", "status": "passed", "start": 1761927812754, "stop": 1761927815649}, {"name": "Заполнение поля \"Отчество\"", "status": "passed", "start": 1761927815649, "stop": 1761927818461}, {"name": "Заполнение поля \"Дата рождения\"", "status": "passed", "start": 1761927818462, "stop": 1761927821177}, {"name": "Выбор радиобаттона \"Пол\"", "status": "passed", "start": 1761927821177, "stop": 1761927822008}, {"name": "Заполнение поля \"Телефон\"", "status": "passed", "start": 1761927822008, "stop": 1761927823929}, {"name": "Заполнение поля \"E-mail\"", "status": "passed", "start": 1761927823929, "stop": 1761927826362}, {"name": "Заполнение поля \"Пароль\"", "status": "passed", "start": 1761927826362, "stop": 1761927828563}, {"name": "Заполнение поля \"Подтвердите пароль\"", "status": "passed", "start": 1761927829461, "stop": 1761927831668}, {"name": "Активация чек-бокса \"Подписаться на рассылку\"", "status": "passed", "start": 1761927831668, "stop": 1761927832415}, {"name": "Активация чек-бокса \"Согласие на обработку ПДН\"", "status": "passed", "start": 1761927832415, "stop": 1761927832646}], "start": 1761927791391, "stop": 1761927849051, "uuid": "6ced9673-e767-4d69-925c-d90db9fc4350", "historyId": "26827aa318c86a92421c88a083575e84", "testCaseId": "26827aa318c86a92421c88a083575e84", "fullName": "Android_CTY.tests.test_cty#test_registration_step_one", "labels": [{"name": "parentSuite", "value": "Android_CTY.tests"}, {"name": "suite", "value": "test_cty"}, {"name": "host", "value": "MacBook-Pro-Evgenij.local"}, {"name": "thread", "value": "15563-MainThread"}, {"name": "framework", "value": "pytest"}, {"name": "language", "value": "cpython3"}, {"name": "package", "value": "Android_CTY.tests.test_cty"}]}